  [1m[36m (2.9ms)[0m  [1mCREATE TABLE "schema_migrations" ("version" varchar NOT NULL) [0m
  [1m[35m (0.2ms)[0m  select sqlite_version(*)
  [1m[36m (1.0ms)[0m  [1mCREATE UNIQUE INDEX "unique_schema_migrations" ON "schema_migrations" ("version")[0m
  [1m[35mActiveRecord::SchemaMigration Load (0.1ms)[0m  SELECT "schema_migrations".* FROM "schema_migrations"
Migrating to CreateUsers (20150602095721)
  [1m[36m (0.4ms)[0m  [1mbegin transaction[0m
  [1m[35m (0.3ms)[0m  CREATE TABLE "users" ("id" INTEGER PRIMARY KEY AUTOINCREMENT NOT NULL, "name" varchar, "email" varchar, "password_digest" varchar, "created_at" datetime NOT NULL, "updated_at" datetime NOT NULL) 
  [1m[36mSQL (0.1ms)[0m  [1mINSERT INTO "schema_migrations" ("version") VALUES (?)[0m  [["version", "20150602095721"]]
  [1m[35m (0.6ms)[0m  commit transaction
Migrating to RenameNameColumnUsers (20150602130219)
  [1m[36m (0.0ms)[0m  [1mbegin transaction[0m
  [1m[35m (0.4ms)[0m  CREATE TEMPORARY TABLE "ausers" ("id" INTEGER PRIMARY KEY AUTOINCREMENT NOT NULL, "username" varchar, "email" varchar, "password_digest" varchar, "created_at" datetime NOT NULL, "updated_at" datetime NOT NULL) 
  [1m[36m (0.0ms)[0m  [1mSELECT * FROM "users"[0m
  [1m[35m (0.3ms)[0m  DROP TABLE "users"
  [1m[36m (0.1ms)[0m  [1mCREATE TABLE "users" ("id" INTEGER PRIMARY KEY AUTOINCREMENT NOT NULL, "username" varchar, "email" varchar, "password_digest" varchar, "created_at" datetime NOT NULL, "updated_at" datetime NOT NULL) [0m
  [1m[35m (0.1ms)[0m  SELECT * FROM "ausers"
  [1m[36m (0.3ms)[0m  [1mDROP TABLE "ausers"[0m
  [1m[35mSQL (0.1ms)[0m  INSERT INTO "schema_migrations" ("version") VALUES (?)  [["version", "20150602130219"]]
  [1m[36m (0.8ms)[0m  [1mcommit transaction[0m
Migrating to RemovePasswordDigestFromUsers (20160503132600)
  [1m[35m (0.1ms)[0m  begin transaction
  [1m[36m (0.2ms)[0m  [1mCREATE TEMPORARY TABLE "ausers" ("id" INTEGER PRIMARY KEY AUTOINCREMENT NOT NULL, "username" varchar, "email" varchar, "password_digest" varchar, "created_at" datetime NOT NULL, "updated_at" datetime NOT NULL) [0m
  [1m[35m (0.1ms)[0m  SELECT * FROM "users"
  [1m[36m (0.2ms)[0m  [1mDROP TABLE "users"[0m
  [1m[35m (0.1ms)[0m  CREATE TABLE "users" ("id" INTEGER PRIMARY KEY AUTOINCREMENT NOT NULL, "username" varchar, "email" varchar, "created_at" datetime NOT NULL, "updated_at" datetime NOT NULL) 
  [1m[36m (0.0ms)[0m  [1mSELECT * FROM "ausers"[0m
  [1m[35m (0.1ms)[0m  DROP TABLE "ausers"
  [1m[36mSQL (0.1ms)[0m  [1mINSERT INTO "schema_migrations" ("version") VALUES (?)[0m  [["version", "20160503132600"]]
  [1m[35m (0.6ms)[0m  commit transaction
  [1m[36mActiveRecord::SchemaMigration Load (0.1ms)[0m  [1mSELECT "schema_migrations".* FROM "schema_migrations"[0m
  [1m[36mActiveRecord::SchemaMigration Load (0.1ms)[0m  [1mSELECT "schema_migrations".* FROM "schema_migrations"[0m
  [1m[35m (0.0ms)[0m  begin transaction
  [1m[36mUser Exists (0.1ms)[0m  [1mSELECT  1 AS one FROM "users" WHERE "users"."email" = 'hola@ignaciovaldes.me' LIMIT 1[0m
  [1m[35mSQL (0.3ms)[0m  INSERT INTO "users" ("username", "email", "created_at", "updated_at") VALUES (?, ?, ?, ?)  [["username", "Ignacio"], ["email", "hola@ignaciovaldes.me"], ["created_at", "2016-11-22 15:18:47.590192"], ["updated_at", "2016-11-22 15:18:47.590192"]]
  [1m[36m (2.4ms)[0m  [1mcommit transaction[0m
  [1m[35m (0.1ms)[0m  begin transaction
  [1m[36mUser Exists (0.1ms)[0m  [1mSELECT  1 AS one FROM "users" WHERE "users"."email" = 'alechen04@gmail.com' LIMIT 1[0m
  [1m[35mSQL (0.2ms)[0m  INSERT INTO "users" ("username", "email", "created_at", "updated_at") VALUES (?, ?, ?, ?)  [["username", "Alexandra"], ["email", "alechen04@gmail.com"], ["created_at", "2016-11-22 15:18:47.595063"], ["updated_at", "2016-11-22 15:18:47.595063"]]
  [1m[36m (0.4ms)[0m  [1mcommit transaction[0m
  [1m[35m (0.0ms)[0m  begin transaction
  [1m[36mUser Exists (0.1ms)[0m  [1mSELECT  1 AS one FROM "users" WHERE "users"."email" = 'aram@berkeley.edu' LIMIT 1[0m
  [1m[35mSQL (0.1ms)[0m  INSERT INTO "users" ("username", "email", "created_at", "updated_at") VALUES (?, ?, ?, ?)  [["username", "Aram"], ["email", "aram@berkeley.edu"], ["created_at", "2016-11-22 15:18:47.599578"], ["updated_at", "2016-11-22 15:18:47.599578"]]
  [1m[36m (0.4ms)[0m  [1mcommit transaction[0m
  [1m[35m (0.0ms)[0m  begin transaction
  [1m[36mUser Exists (0.1ms)[0m  [1mSELECT  1 AS one FROM "users" WHERE "users"."email" = 'unamaria@gmail.com' LIMIT 1[0m
  [1m[35mSQL (0.1ms)[0m  INSERT INTO "users" ("username", "email", "created_at", "updated_at") VALUES (?, ?, ?, ?)  [["username", "Maria"], ["email", "unamaria@gmail.com"], ["created_at", "2016-11-22 15:18:47.601132"], ["updated_at", "2016-11-22 15:18:47.601132"]]
  [1m[36m (0.5ms)[0m  [1mcommit transaction[0m


Started GET "/" for ::1 at 2016-11-22 10:24:18 -0500
  [1m[36mActiveRecord::SchemaMigration Load (0.1ms)[0m  [1mSELECT "schema_migrations".* FROM "schema_migrations"[0m
Processing by UsersController#home as HTML
  Rendered users/home.html.erb within layouts/application (1.2ms)
Completed 200 OK in 1382ms (Views: 1374.9ms | ActiveRecord: 0.0ms)


Started GET "/assets/sessions.self-e3b0c44298fc1c149afbf4c8996fb92427ae41e4649b934ca495991b7852b855.css?body=1" for ::1 at 2016-11-22 10:24:20 -0500


Started GET "/assets/jquery.self-d03a5518f45df77341bdbe6201ba3bfa547ebba8ed64f0ea56bfa5f96ea7c074.js?body=1" for ::1 at 2016-11-22 10:24:20 -0500


Started GET "/assets/jquery_ujs.self-8e98a7a072a6cee1372d19fff9ff3e6aa1e39a37d89d6f06861637d061113ee7.js?body=1" for ::1 at 2016-11-22 10:24:20 -0500


Started GET "/assets/users.self-e3b0c44298fc1c149afbf4c8996fb92427ae41e4649b934ca495991b7852b855.css?body=1" for ::1 at 2016-11-22 10:24:20 -0500


Started GET "/assets/turbolinks.self-c37727e9bd6b2735da5c311aa83fead54ed0be6cc8bd9a65309e9c5abe2cbfff.js?body=1" for ::1 at 2016-11-22 10:24:20 -0500


Started GET "/assets/application.self-e80e8f2318043e8af94dddc2adad5a4f09739a8ebb323b3ab31cd71d45fd9113.css?body=1" for ::1 at 2016-11-22 10:24:20 -0500


Started GET "/assets/sessions.self-19a187bec6cdb96d6de80a61c16c857c613536adf9138476bd367db38d282635.js?body=1" for ::1 at 2016-11-22 10:24:20 -0500


Started GET "/assets/users.self-877aef30ae1b040ab8a3aba4e3e309a11d7f2612f44dde450b5c157aa5f95c05.js?body=1" for ::1 at 2016-11-22 10:24:20 -0500


Started GET "/assets/application.self-3b8dabdc891efe46b9a144b400ad69e37d7e5876bdc39dee783419a69d7ca819.js?body=1" for ::1 at 2016-11-22 10:24:20 -0500


Started GET "/apple-touch-icon-precomposed.png" for ::1 at 2016-11-22 10:24:20 -0500

ActionController::RoutingError (No route matches [GET] "/apple-touch-icon-precomposed.png"):
  actionpack (4.2.1) lib/action_dispatch/middleware/debug_exceptions.rb:21:in `call'
  web-console (2.1.2) lib/web_console/middleware.rb:37:in `call'
  actionpack (4.2.1) lib/action_dispatch/middleware/show_exceptions.rb:30:in `call'
  railties (4.2.1) lib/rails/rack/logger.rb:38:in `call_app'
  railties (4.2.1) lib/rails/rack/logger.rb:20:in `block in call'
  activesupport (4.2.1) lib/active_support/tagged_logging.rb:68:in `block in tagged'
  activesupport (4.2.1) lib/active_support/tagged_logging.rb:26:in `tagged'
  activesupport (4.2.1) lib/active_support/tagged_logging.rb:68:in `tagged'
  railties (4.2.1) lib/rails/rack/logger.rb:20:in `call'
  actionpack (4.2.1) lib/action_dispatch/middleware/request_id.rb:21:in `call'
  rack (1.6.1) lib/rack/methodoverride.rb:22:in `call'
  rack (1.6.1) lib/rack/runtime.rb:18:in `call'
  activesupport (4.2.1) lib/active_support/cache/strategy/local_cache_middleware.rb:28:in `call'
  rack (1.6.1) lib/rack/lock.rb:17:in `call'
  actionpack (4.2.1) lib/action_dispatch/middleware/static.rb:113:in `call'
  rack (1.6.1) lib/rack/sendfile.rb:113:in `call'
  railties (4.2.1) lib/rails/engine.rb:518:in `call'
  railties (4.2.1) lib/rails/application.rb:164:in `call'
  rack (1.6.1) lib/rack/lock.rb:17:in `call'
  rack (1.6.1) lib/rack/content_length.rb:15:in `call'
  rack (1.6.1) lib/rack/handler/webrick.rb:89:in `service'
  /Users/galacticplastic/.rbenv/versions/2.3.1/lib/ruby/2.3.0/webrick/httpserver.rb:140:in `service'
  /Users/galacticplastic/.rbenv/versions/2.3.1/lib/ruby/2.3.0/webrick/httpserver.rb:96:in `run'
  /Users/galacticplastic/.rbenv/versions/2.3.1/lib/ruby/2.3.0/webrick/server.rb:296:in `block in start_thread'


  Rendered /Users/galacticplastic/.rbenv/versions/2.3.1/lib/ruby/gems/2.3.0/gems/actionpack-4.2.1/lib/action_dispatch/middleware/templates/rescues/_trace.html.erb (1.1ms)
  Rendered /Users/galacticplastic/.rbenv/versions/2.3.1/lib/ruby/gems/2.3.0/gems/actionpack-4.2.1/lib/action_dispatch/middleware/templates/routes/_route.html.erb (0.6ms)
  Rendered /Users/galacticplastic/.rbenv/versions/2.3.1/lib/ruby/gems/2.3.0/gems/actionpack-4.2.1/lib/action_dispatch/middleware/templates/routes/_table.html.erb (5.5ms)
  Rendered /Users/galacticplastic/.rbenv/versions/2.3.1/lib/ruby/gems/2.3.0/gems/actionpack-4.2.1/lib/action_dispatch/middleware/templates/rescues/_request_and_response.html.erb (0.8ms)
  Rendered /Users/galacticplastic/.rbenv/versions/2.3.1/lib/ruby/gems/2.3.0/gems/actionpack-4.2.1/lib/action_dispatch/middleware/templates/rescues/routing_error.html.erb within rescues/layout (74.7ms)
  Rendered /Users/galacticplastic/.rbenv/versions/2.3.1/lib/ruby/gems/2.3.0/gems/web-console-2.1.2/lib/web_console/templates/_markup.html.erb (0.4ms)
  Rendered /Users/galacticplastic/.rbenv/versions/2.3.1/lib/ruby/gems/2.3.0/gems/web-console-2.1.2/lib/web_console/templates/style.css.erb within layouts/inlined_string (0.2ms)
  Rendered /Users/galacticplastic/.rbenv/versions/2.3.1/lib/ruby/gems/2.3.0/gems/web-console-2.1.2/lib/web_console/templates/_inner_console_markup.html.erb within layouts/inlined_string (0.3ms)
  Rendered /Users/galacticplastic/.rbenv/versions/2.3.1/lib/ruby/gems/2.3.0/gems/web-console-2.1.2/lib/web_console/templates/_prompt_box_markup.html.erb within layouts/inlined_string (0.3ms)
  Rendered /Users/galacticplastic/.rbenv/versions/2.3.1/lib/ruby/gems/2.3.0/gems/web-console-2.1.2/lib/web_console/templates/console.js.erb within layouts/javascript (44.9ms)
  Rendered /Users/galacticplastic/.rbenv/versions/2.3.1/lib/ruby/gems/2.3.0/gems/web-console-2.1.2/lib/web_console/templates/main.js.erb within layouts/javascript (0.3ms)
  Rendered /Users/galacticplastic/.rbenv/versions/2.3.1/lib/ruby/gems/2.3.0/gems/web-console-2.1.2/lib/web_console/templates/error_page.js.erb within layouts/javascript (0.4ms)
  Rendered /Users/galacticplastic/.rbenv/versions/2.3.1/lib/ruby/gems/2.3.0/gems/web-console-2.1.2/lib/web_console/templates/index.html.erb (105.6ms)


Started GET "/apple-touch-icon.png" for ::1 at 2016-11-22 10:24:20 -0500

ActionController::RoutingError (No route matches [GET] "/apple-touch-icon.png"):
  actionpack (4.2.1) lib/action_dispatch/middleware/debug_exceptions.rb:21:in `call'
  web-console (2.1.2) lib/web_console/middleware.rb:37:in `call'
  actionpack (4.2.1) lib/action_dispatch/middleware/show_exceptions.rb:30:in `call'
  railties (4.2.1) lib/rails/rack/logger.rb:38:in `call_app'
  railties (4.2.1) lib/rails/rack/logger.rb:20:in `block in call'
  activesupport (4.2.1) lib/active_support/tagged_logging.rb:68:in `block in tagged'
  activesupport (4.2.1) lib/active_support/tagged_logging.rb:26:in `tagged'
  activesupport (4.2.1) lib/active_support/tagged_logging.rb:68:in `tagged'
  railties (4.2.1) lib/rails/rack/logger.rb:20:in `call'
  actionpack (4.2.1) lib/action_dispatch/middleware/request_id.rb:21:in `call'
  rack (1.6.1) lib/rack/methodoverride.rb:22:in `call'
  rack (1.6.1) lib/rack/runtime.rb:18:in `call'
  activesupport (4.2.1) lib/active_support/cache/strategy/local_cache_middleware.rb:28:in `call'
  rack (1.6.1) lib/rack/lock.rb:17:in `call'
  actionpack (4.2.1) lib/action_dispatch/middleware/static.rb:113:in `call'
  rack (1.6.1) lib/rack/sendfile.rb:113:in `call'
  railties (4.2.1) lib/rails/engine.rb:518:in `call'
  railties (4.2.1) lib/rails/application.rb:164:in `call'
  rack (1.6.1) lib/rack/lock.rb:17:in `call'
  rack (1.6.1) lib/rack/content_length.rb:15:in `call'
  rack (1.6.1) lib/rack/handler/webrick.rb:89:in `service'
  /Users/galacticplastic/.rbenv/versions/2.3.1/lib/ruby/2.3.0/webrick/httpserver.rb:140:in `service'
  /Users/galacticplastic/.rbenv/versions/2.3.1/lib/ruby/2.3.0/webrick/httpserver.rb:96:in `run'
  /Users/galacticplastic/.rbenv/versions/2.3.1/lib/ruby/2.3.0/webrick/server.rb:296:in `block in start_thread'


  Rendered /Users/galacticplastic/.rbenv/versions/2.3.1/lib/ruby/gems/2.3.0/gems/actionpack-4.2.1/lib/action_dispatch/middleware/templates/rescues/_trace.html.erb (2.6ms)
  Rendered /Users/galacticplastic/.rbenv/versions/2.3.1/lib/ruby/gems/2.3.0/gems/actionpack-4.2.1/lib/action_dispatch/middleware/templates/routes/_route.html.erb (0.9ms)
  Rendered /Users/galacticplastic/.rbenv/versions/2.3.1/lib/ruby/gems/2.3.0/gems/actionpack-4.2.1/lib/action_dispatch/middleware/templates/routes/_table.html.erb (1.7ms)
  Rendered /Users/galacticplastic/.rbenv/versions/2.3.1/lib/ruby/gems/2.3.0/gems/actionpack-4.2.1/lib/action_dispatch/middleware/templates/rescues/_request_and_response.html.erb (1.1ms)
  Rendered /Users/galacticplastic/.rbenv/versions/2.3.1/lib/ruby/gems/2.3.0/gems/actionpack-4.2.1/lib/action_dispatch/middleware/templates/rescues/routing_error.html.erb within rescues/layout (66.2ms)
  Rendered /Users/galacticplastic/.rbenv/versions/2.3.1/lib/ruby/gems/2.3.0/gems/web-console-2.1.2/lib/web_console/templates/_markup.html.erb (0.3ms)
  Rendered /Users/galacticplastic/.rbenv/versions/2.3.1/lib/ruby/gems/2.3.0/gems/web-console-2.1.2/lib/web_console/templates/style.css.erb within layouts/inlined_string (0.2ms)
  Rendered /Users/galacticplastic/.rbenv/versions/2.3.1/lib/ruby/gems/2.3.0/gems/web-console-2.1.2/lib/web_console/templates/_inner_console_markup.html.erb within layouts/inlined_string (0.6ms)
  Rendered /Users/galacticplastic/.rbenv/versions/2.3.1/lib/ruby/gems/2.3.0/gems/web-console-2.1.2/lib/web_console/templates/_prompt_box_markup.html.erb within layouts/inlined_string (0.4ms)
  Rendered /Users/galacticplastic/.rbenv/versions/2.3.1/lib/ruby/gems/2.3.0/gems/web-console-2.1.2/lib/web_console/templates/console.js.erb within layouts/javascript (45.0ms)
  Rendered /Users/galacticplastic/.rbenv/versions/2.3.1/lib/ruby/gems/2.3.0/gems/web-console-2.1.2/lib/web_console/templates/main.js.erb within layouts/javascript (0.3ms)
  Rendered /Users/galacticplastic/.rbenv/versions/2.3.1/lib/ruby/gems/2.3.0/gems/web-console-2.1.2/lib/web_console/templates/error_page.js.erb within layouts/javascript (0.3ms)
  Rendered /Users/galacticplastic/.rbenv/versions/2.3.1/lib/ruby/gems/2.3.0/gems/web-console-2.1.2/lib/web_console/templates/index.html.erb (97.2ms)


Started GET "/users" for ::1 at 2016-11-22 10:24:24 -0500
Processing by UsersController#index as HTML
  [1m[35mUser Load (0.1ms)[0m  SELECT "users".* FROM "users"
  Rendered users/index.html.erb within layouts/application (3.9ms)
Completed 200 OK in 43ms (Views: 40.4ms | ActiveRecord: 0.3ms)


Started GET "/profile" for ::1 at 2016-11-22 10:24:26 -0500
Processing by UsersController#show as HTML
  Rendered users/show.html.erb within layouts/application (7.7ms)
Completed 200 OK in 51ms (Views: 50.9ms | ActiveRecord: 0.0ms)


Started GET "/signup" for ::1 at 2016-11-22 10:24:32 -0500
Processing by UsersController#new as HTML
  Rendered users/new.html.erb within layouts/application (2.2ms)
Completed 200 OK in 47ms (Views: 46.5ms | ActiveRecord: 0.0ms)


Started GET "/profile" for ::1 at 2016-11-22 10:24:35 -0500
Processing by UsersController#show as HTML
  Rendered users/show.html.erb within layouts/application (0.1ms)
Completed 200 OK in 31ms (Views: 30.6ms | ActiveRecord: 0.0ms)


Started GET "/profile" for ::1 at 2016-11-22 10:43:20 -0500
  [1m[36mActiveRecord::SchemaMigration Load (0.1ms)[0m  [1mSELECT "schema_migrations".* FROM "schema_migrations"[0m
Processing by UsersController#show as HTML
  Rendered users/show.html.erb within layouts/application (1.0ms)
Completed 200 OK in 166ms (Views: 159.0ms | ActiveRecord: 0.0ms)


Started GET "/signup" for ::1 at 2016-11-22 10:56:40 -0500
  [1m[36mActiveRecord::SchemaMigration Load (0.1ms)[0m  [1mSELECT "schema_migrations".* FROM "schema_migrations"[0m

ActiveRecord::PendingMigrationError (

Migrations are pending. To resolve this issue, run:

	bin/rake db:migrate RAILS_ENV=development

):
  activerecord (4.2.1) lib/active_record/migration.rb:393:in `check_pending!'
  activerecord (4.2.1) lib/active_record/migration.rb:374:in `call'
  actionpack (4.2.1) lib/action_dispatch/middleware/callbacks.rb:29:in `block in call'
  activesupport (4.2.1) lib/active_support/callbacks.rb:88:in `_run_callbacks'
  activesupport (4.2.1) lib/active_support/callbacks.rb:776:in `_run_call_callbacks'
  activesupport (4.2.1) lib/active_support/callbacks.rb:81:in `run_callbacks'
  actionpack (4.2.1) lib/action_dispatch/middleware/callbacks.rb:27:in `call'
  actionpack (4.2.1) lib/action_dispatch/middleware/reloader.rb:73:in `call'
  actionpack (4.2.1) lib/action_dispatch/middleware/remote_ip.rb:78:in `call'
  actionpack (4.2.1) lib/action_dispatch/middleware/debug_exceptions.rb:17:in `call'
  web-console (2.1.2) lib/web_console/middleware.rb:37:in `call'
  actionpack (4.2.1) lib/action_dispatch/middleware/show_exceptions.rb:30:in `call'
  railties (4.2.1) lib/rails/rack/logger.rb:38:in `call_app'
  railties (4.2.1) lib/rails/rack/logger.rb:20:in `block in call'
  activesupport (4.2.1) lib/active_support/tagged_logging.rb:68:in `block in tagged'
  activesupport (4.2.1) lib/active_support/tagged_logging.rb:26:in `tagged'
  activesupport (4.2.1) lib/active_support/tagged_logging.rb:68:in `tagged'
  railties (4.2.1) lib/rails/rack/logger.rb:20:in `call'
  actionpack (4.2.1) lib/action_dispatch/middleware/request_id.rb:21:in `call'
  rack (1.6.1) lib/rack/methodoverride.rb:22:in `call'
  rack (1.6.1) lib/rack/runtime.rb:18:in `call'
  activesupport (4.2.1) lib/active_support/cache/strategy/local_cache_middleware.rb:28:in `call'
  rack (1.6.1) lib/rack/lock.rb:17:in `call'
  actionpack (4.2.1) lib/action_dispatch/middleware/static.rb:113:in `call'
  rack (1.6.1) lib/rack/sendfile.rb:113:in `call'
  railties (4.2.1) lib/rails/engine.rb:518:in `call'
  railties (4.2.1) lib/rails/application.rb:164:in `call'
  rack (1.6.1) lib/rack/lock.rb:17:in `call'
  rack (1.6.1) lib/rack/content_length.rb:15:in `call'
  rack (1.6.1) lib/rack/handler/webrick.rb:89:in `service'
  /Users/galacticplastic/.rbenv/versions/2.3.1/lib/ruby/2.3.0/webrick/httpserver.rb:140:in `service'
  /Users/galacticplastic/.rbenv/versions/2.3.1/lib/ruby/2.3.0/webrick/httpserver.rb:96:in `run'
  /Users/galacticplastic/.rbenv/versions/2.3.1/lib/ruby/2.3.0/webrick/server.rb:296:in `block in start_thread'


  Rendered /Users/galacticplastic/.rbenv/versions/2.3.1/lib/ruby/gems/2.3.0/gems/actionpack-4.2.1/lib/action_dispatch/middleware/templates/rescues/_source.erb (1.6ms)
  Rendered /Users/galacticplastic/.rbenv/versions/2.3.1/lib/ruby/gems/2.3.0/gems/actionpack-4.2.1/lib/action_dispatch/middleware/templates/rescues/_trace.html.erb (1.5ms)
  Rendered /Users/galacticplastic/.rbenv/versions/2.3.1/lib/ruby/gems/2.3.0/gems/actionpack-4.2.1/lib/action_dispatch/middleware/templates/rescues/_request_and_response.html.erb (0.6ms)
  Rendered /Users/galacticplastic/.rbenv/versions/2.3.1/lib/ruby/gems/2.3.0/gems/actionpack-4.2.1/lib/action_dispatch/middleware/templates/rescues/diagnostics.html.erb within rescues/layout (41.1ms)
  Rendered /Users/galacticplastic/.rbenv/versions/2.3.1/lib/ruby/gems/2.3.0/gems/web-console-2.1.2/lib/web_console/templates/_markup.html.erb (0.3ms)
  Rendered /Users/galacticplastic/.rbenv/versions/2.3.1/lib/ruby/gems/2.3.0/gems/web-console-2.1.2/lib/web_console/templates/style.css.erb within layouts/inlined_string (0.2ms)
  Rendered /Users/galacticplastic/.rbenv/versions/2.3.1/lib/ruby/gems/2.3.0/gems/web-console-2.1.2/lib/web_console/templates/_inner_console_markup.html.erb within layouts/inlined_string (3.2ms)
  Rendered /Users/galacticplastic/.rbenv/versions/2.3.1/lib/ruby/gems/2.3.0/gems/web-console-2.1.2/lib/web_console/templates/_prompt_box_markup.html.erb within layouts/inlined_string (0.2ms)
  Rendered /Users/galacticplastic/.rbenv/versions/2.3.1/lib/ruby/gems/2.3.0/gems/web-console-2.1.2/lib/web_console/templates/console.js.erb within layouts/javascript (38.7ms)
  Rendered /Users/galacticplastic/.rbenv/versions/2.3.1/lib/ruby/gems/2.3.0/gems/web-console-2.1.2/lib/web_console/templates/main.js.erb within layouts/javascript (0.5ms)
  Rendered /Users/galacticplastic/.rbenv/versions/2.3.1/lib/ruby/gems/2.3.0/gems/web-console-2.1.2/lib/web_console/templates/error_page.js.erb within layouts/javascript (0.5ms)
  Rendered /Users/galacticplastic/.rbenv/versions/2.3.1/lib/ruby/gems/2.3.0/gems/web-console-2.1.2/lib/web_console/templates/index.html.erb (91.7ms)
  [1m[36mActiveRecord::SchemaMigration Load (0.1ms)[0m  [1mSELECT "schema_migrations".* FROM "schema_migrations"[0m
Migrating to AddPasswordDigestToUsers (20161122154729)
  [1m[35m (0.0ms)[0m  begin transaction
  [1m[36m (0.4ms)[0m  [1mALTER TABLE "users" ADD "password_digest" varchar[0m
  [1m[35mSQL (0.1ms)[0m  INSERT INTO "schema_migrations" ("version") VALUES (?)  [["version", "20161122154729"]]
  [1m[36m (2.6ms)[0m  [1mcommit transaction[0m
  [1m[35mActiveRecord::SchemaMigration Load (0.1ms)[0m  SELECT "schema_migrations".* FROM "schema_migrations"


Started GET "/signup" for ::1 at 2016-11-22 10:57:19 -0500
  [1m[36mActiveRecord::SchemaMigration Load (0.1ms)[0m  [1mSELECT "schema_migrations".* FROM "schema_migrations"[0m
Processing by UsersController#new as HTML
  Rendered users/new.html.erb within layouts/application (16.9ms)
Completed 200 OK in 187ms (Views: 180.1ms | ActiveRecord: 0.0ms)


Started POST "/users" for ::1 at 2016-11-22 10:57:29 -0500
Processing by UsersController#create as HTML
  Parameters: {"utf8"=>"✓", "authenticity_token"=>"Nnm6IxnjSr5xl83k5Y/6xC6XwqKkVFSykwwpf+8WRWLYlnfR+kzKk1sfLZetxl4thDPxHrLfGisyw3vEdpOeeg==", "user"=>{"username"=>"gkfgjh", "email"=>"fghlkfghjkf", "password"=>"[FILTERED]", "password_confirmation"=>"[FILTERED]"}, "button"=>""}
Unpermitted parameters: password, password_confirmation
  [1m[35m (0.1ms)[0m  begin transaction
  [1m[36mUser Exists (0.1ms)[0m  [1mSELECT  1 AS one FROM "users" WHERE "users"."email" = 'fghlkfghjkf' LIMIT 1[0m
  [1m[35m (0.0ms)[0m  rollback transaction
Redirected to http://localhost:3000/signup
Completed 302 Found in 28ms (ActiveRecord: 0.6ms)


Started GET "/signup" for ::1 at 2016-11-22 10:57:29 -0500
Processing by UsersController#new as HTML
  Rendered users/new.html.erb within layouts/application (1.1ms)
Completed 200 OK in 24ms (Views: 23.7ms | ActiveRecord: 0.0ms)


Started GET "/signup" for ::1 at 2016-11-22 10:59:10 -0500
Processing by UsersController#new as HTML
  Rendered users/new.html.erb within layouts/application (1.0ms)
Completed 200 OK in 47ms (Views: 46.8ms | ActiveRecord: 0.0ms)


Started GET "/assets/users.self-365f1ec5a22d16e7bf4d45fee453e2354bf290bf8237bf780f8f1b54e80743fe.css?body=1" for ::1 at 2016-11-22 10:59:10 -0500


Started GET "/signup" for ::1 at 2016-11-22 10:59:36 -0500
Processing by UsersController#new as HTML
  Rendered users/new.html.erb within layouts/application (1.3ms)
Completed 200 OK in 78ms (Views: 77.8ms | ActiveRecord: 0.0ms)


Started GET "/assets/users.self-d1d8288b05f7df08b4d968705fc4fab6428cb552f96903ffdc8747a478d66e78.css?body=1" for ::1 at 2016-11-22 10:59:36 -0500


Started GET "/signup" for ::1 at 2016-11-22 11:00:34 -0500
Processing by UsersController#new as HTML
  Rendered users/new.html.erb within layouts/application (1.0ms)
Completed 200 OK in 47ms (Views: 46.4ms | ActiveRecord: 0.0ms)


Started GET "/assets/users.self-6297327559299393d5cad577aad35767d95f537f5fbe319cc38558be14f9b2cc.css?body=1" for ::1 at 2016-11-22 11:00:34 -0500


Started GET "/signup" for ::1 at 2016-11-22 11:01:02 -0500
Processing by UsersController#new as HTML
  Rendered users/new.html.erb within layouts/application (0.9ms)
Completed 200 OK in 64ms (Views: 64.0ms | ActiveRecord: 0.0ms)


Started GET "/assets/users.self-ca6772674b588d737bee9397e410d0b91d449ffc6999501435eab8d5a2e17d04.css?body=1" for ::1 at 2016-11-22 11:01:02 -0500


Started GET "/signup" for ::1 at 2016-11-22 11:01:21 -0500
Processing by UsersController#new as HTML
  Rendered users/new.html.erb within layouts/application (1.4ms)
Completed 200 OK in 63ms (Views: 62.5ms | ActiveRecord: 0.0ms)


Started GET "/assets/users.self-95ea459d36322424eae9e2ae7595c0a4fa52c333f5939bda914a6ec1efb4f2ef.css?body=1" for ::1 at 2016-11-22 11:01:21 -0500


Started GET "/signup" for ::1 at 2016-11-22 11:02:31 -0500
Processing by UsersController#new as HTML
  Rendered users/new.html.erb within layouts/application (9.5ms)
Completed 500 Internal Server Error in 13ms (ActiveRecord: 0.0ms)

ActionView::Template::Error (undefined method `merge' for "Confirm Password":String):
    14: 	</fieldset>
    15: 	<fieldset>
    16: 		<%= f.label :password_confirmation %>
    17: 		<%= f.password_field :password_confirmation, "Confirm Password" %>
    18: 	</fieldset>
    19: 	<%= f.button %>
    20: <% end %>
  app/views/users/new.html.erb:17:in `block in _app_views_users_new_html_erb___842575557653197476_70236407264520'
  app/views/users/new.html.erb:2:in `_app_views_users_new_html_erb___842575557653197476_70236407264520'


  Rendered /Users/galacticplastic/.rbenv/versions/2.3.1/lib/ruby/gems/2.3.0/gems/actionpack-4.2.1/lib/action_dispatch/middleware/templates/rescues/_source.erb (4.8ms)
  Rendered /Users/galacticplastic/.rbenv/versions/2.3.1/lib/ruby/gems/2.3.0/gems/actionpack-4.2.1/lib/action_dispatch/middleware/templates/rescues/_trace.html.erb (2.1ms)
  Rendered /Users/galacticplastic/.rbenv/versions/2.3.1/lib/ruby/gems/2.3.0/gems/actionpack-4.2.1/lib/action_dispatch/middleware/templates/rescues/_request_and_response.html.erb (0.7ms)
  Rendered /Users/galacticplastic/.rbenv/versions/2.3.1/lib/ruby/gems/2.3.0/gems/actionpack-4.2.1/lib/action_dispatch/middleware/templates/rescues/template_error.html.erb within rescues/layout (43.0ms)
  Rendered /Users/galacticplastic/.rbenv/versions/2.3.1/lib/ruby/gems/2.3.0/gems/web-console-2.1.2/lib/web_console/templates/_markup.html.erb (0.3ms)
  Rendered /Users/galacticplastic/.rbenv/versions/2.3.1/lib/ruby/gems/2.3.0/gems/web-console-2.1.2/lib/web_console/templates/style.css.erb within layouts/inlined_string (0.3ms)
  Rendered /Users/galacticplastic/.rbenv/versions/2.3.1/lib/ruby/gems/2.3.0/gems/web-console-2.1.2/lib/web_console/templates/_inner_console_markup.html.erb within layouts/inlined_string (0.3ms)
  Rendered /Users/galacticplastic/.rbenv/versions/2.3.1/lib/ruby/gems/2.3.0/gems/web-console-2.1.2/lib/web_console/templates/_prompt_box_markup.html.erb within layouts/inlined_string (0.5ms)
  Rendered /Users/galacticplastic/.rbenv/versions/2.3.1/lib/ruby/gems/2.3.0/gems/web-console-2.1.2/lib/web_console/templates/console.js.erb within layouts/javascript (35.7ms)
  Rendered /Users/galacticplastic/.rbenv/versions/2.3.1/lib/ruby/gems/2.3.0/gems/web-console-2.1.2/lib/web_console/templates/main.js.erb within layouts/javascript (0.3ms)
  Rendered /Users/galacticplastic/.rbenv/versions/2.3.1/lib/ruby/gems/2.3.0/gems/web-console-2.1.2/lib/web_console/templates/error_page.js.erb within layouts/javascript (0.4ms)
  Rendered /Users/galacticplastic/.rbenv/versions/2.3.1/lib/ruby/gems/2.3.0/gems/web-console-2.1.2/lib/web_console/templates/index.html.erb (84.1ms)


Started GET "/signup" for ::1 at 2016-11-22 11:02:55 -0500
Processing by UsersController#new as HTML
  Rendered users/new.html.erb within layouts/application (1.7ms)
Completed 200 OK in 49ms (Views: 48.9ms | ActiveRecord: 0.0ms)


Started GET "/assets/users.self-fd648522f63ddef632ff459e1d366a94374a7524885f8032ae370891f0122071.css?body=1" for ::1 at 2016-11-22 11:02:55 -0500


Started POST "/users" for ::1 at 2016-11-22 11:03:20 -0500
Processing by UsersController#create as HTML
  Parameters: {"utf8"=>"✓", "authenticity_token"=>"Ptukw0MqDG6C770juYzAYdYIUeEtDGvmsD90qJGgngfQNGkxoIWMQ6hnXVDxxWSIfKxiXTuHJX8R8CYTCCVFHw==", "user"=>{"username"=>"Mary Malka", "email"=>"zosorocksyoursocks@gmail.com", "password"=>"[FILTERED]", "password_confirmation"=>"[FILTERED]"}, "button"=>""}
  [1m[36m (0.1ms)[0m  [1mbegin transaction[0m
  [1m[35mUser Exists (0.1ms)[0m  SELECT  1 AS one FROM "users" WHERE "users"."email" = 'zosorocksyoursocks@gmail.com' LIMIT 1
  [1m[36mSQL (0.3ms)[0m  [1mINSERT INTO "users" ("username", "email", "password_digest", "created_at", "updated_at") VALUES (?, ?, ?, ?, ?)[0m  [["username", "Mary Malka"], ["email", "zosorocksyoursocks@gmail.com"], ["password_digest", "$2a$10$EPdIRG4UakliPzeBwD1ume5FEQqLlD/ahT0AskB639PbuB5PkKJ8."], ["created_at", "2016-11-22 16:03:20.555339"], ["updated_at", "2016-11-22 16:03:20.555339"]]
  [1m[35m (2.6ms)[0m  commit transaction
Redirected to http://localhost:3000/
Completed 302 Found in 83ms (ActiveRecord: 3.5ms)


Started GET "/" for ::1 at 2016-11-22 11:03:20 -0500
Processing by UsersController#home as HTML
  Rendered users/home.html.erb within layouts/application (0.5ms)
Completed 200 OK in 31ms (Views: 30.3ms | ActiveRecord: 0.0ms)


Started GET "/" for ::1 at 2016-11-22 11:05:59 -0500
Processing by UsersController#home as HTML
  Rendered users/home.html.erb within layouts/application (0.2ms)
Completed 200 OK in 24ms (Views: 23.6ms | ActiveRecord: 0.0ms)
  [1m[36mUser Load (0.1ms)[0m  [1mSELECT  "users".* FROM "users"  ORDER BY "users"."id" DESC LIMIT 1[0m


Started GET "/" for ::1 at 2016-11-22 11:24:16 -0500
  [1m[36mActiveRecord::SchemaMigration Load (0.1ms)[0m  [1mSELECT "schema_migrations".* FROM "schema_migrations"[0m
Processing by UsersController#home as HTML
  Rendered users/home.html.erb within layouts/application (4.6ms)
Completed 200 OK in 191ms (Views: 182.2ms | ActiveRecord: 0.0ms)


Started GET "/signup" for ::1 at 2016-11-22 11:24:18 -0500
Processing by UsersController#new as HTML
  Rendered users/new.html.erb within layouts/application (14.8ms)
Completed 200 OK in 53ms (Views: 52.1ms | ActiveRecord: 0.0ms)


Started POST "/users" for ::1 at 2016-11-22 11:24:40 -0500
Processing by UsersController#create as HTML
  Parameters: {"utf8"=>"✓", "authenticity_token"=>"b+J4/8fjbvjzb2MQfQnjLdYfpMlEjlhG0E3kt2RgoVaBDbUNJEzu1dnng2M1QEfEfLuXdVIFFt9xgrYM/eV6Tg==", "user"=>{"username"=>"Galactic Plastic", "email"=>"suckit@mailinator.com", "password"=>"[FILTERED]", "password_confirmation"=>"[FILTERED]"}, "button"=>""}
  [1m[35m (0.1ms)[0m  begin transaction
  [1m[36mUser Exists (0.3ms)[0m  [1mSELECT  1 AS one FROM "users" WHERE "users"."email" = 'suckit@mailinator.com' LIMIT 1[0m
  [1m[35mSQL (0.4ms)[0m  INSERT INTO "users" ("username", "email", "password_digest", "created_at", "updated_at") VALUES (?, ?, ?, ?, ?)  [["username", "Galactic Plastic"], ["email", "suckit@mailinator.com"], ["password_digest", "$2a$10$v2JDoppMVgG2XvA5fnuFauRUb1hnupc.EkZYUMOVdo1QjN/uvPT5u"], ["created_at", "2016-11-22 16:24:40.969186"], ["updated_at", "2016-11-22 16:24:40.969186"]]
  [1m[36m (0.6ms)[0m  [1mcommit transaction[0m
Redirected to http://localhost:3000/
Completed 302 Found in 94ms (ActiveRecord: 2.0ms)


Started GET "/" for ::1 at 2016-11-22 11:24:40 -0500
Processing by UsersController#home as HTML
  Rendered users/home.html.erb within layouts/application (0.1ms)
Completed 200 OK in 26ms (Views: 25.9ms | ActiveRecord: 0.0ms)
  [1m[36mUser Load (0.1ms)[0m  [1mSELECT  "users".* FROM "users"  ORDER BY "users"."id" DESC LIMIT 1[0m
  [1m[35mUser Load (0.2ms)[0m  SELECT  "users".* FROM "users"  ORDER BY "users"."id" DESC LIMIT 1
  [1m[36m (0.1ms)[0m  [1mbegin transaction[0m
  [1m[35mUser Exists (0.1ms)[0m  SELECT  1 AS one FROM "users" WHERE ("users"."email" = 'suckit@mailinator.com' AND "users"."id" != 6) LIMIT 1
  [1m[36mSQL (0.3ms)[0m  [1mUPDATE "users" SET "password_digest" = ?, "updated_at" = ? WHERE "users"."id" = ?[0m  [["password_digest", "$2a$10$o3mxiIQGbi9dB2tybIbHBOgp2ZQpU/qfhPAhHKhwjMCfe8nLBDqJG"], ["updated_at", "2016-11-22 16:31:01.224253"], ["id", 6]]
  [1m[35m (2.0ms)[0m  commit transaction


Started GET "/profile" for ::1 at 2016-11-22 11:47:33 -0500
  [1m[36mActiveRecord::SchemaMigration Load (0.1ms)[0m  [1mSELECT "schema_migrations".* FROM "schema_migrations"[0m
Processing by UsersController#show as HTML
  Rendered users/show.html.erb within layouts/application (1.3ms)
Completed 200 OK in 194ms (Views: 186.3ms | ActiveRecord: 0.0ms)


Started GET "/assets/users.self-fd648522f63ddef632ff459e1d366a94374a7524885f8032ae370891f0122071.css?body=1" for ::1 at 2016-11-22 11:47:33 -0500


Started GET "/" for ::1 at 2016-11-22 11:47:34 -0500
Processing by UsersController#home as HTML
  Rendered users/home.html.erb within layouts/application (0.6ms)
Completed 200 OK in 29ms (Views: 28.6ms | ActiveRecord: 0.0ms)


Started GET "/" for ::1 at 2016-11-22 11:47:34 -0500
Processing by UsersController#home as HTML
  Rendered users/home.html.erb within layouts/application (0.1ms)
Completed 200 OK in 30ms (Views: 29.4ms | ActiveRecord: 0.0ms)


Started GET "/login" for ::1 at 2016-11-22 11:47:36 -0500
Processing by SessionsController#new as HTML
  Rendered sessions/new.html.erb within layouts/application (0.9ms)
Completed 200 OK in 28ms (Views: 27.7ms | ActiveRecord: 0.0ms)


Started POST "/login" for ::1 at 2016-11-22 11:48:02 -0500

ActionController::RoutingError (No route matches [POST] "/login"):
  actionpack (4.2.1) lib/action_dispatch/middleware/debug_exceptions.rb:21:in `call'
  web-console (2.1.2) lib/web_console/middleware.rb:37:in `call'
  actionpack (4.2.1) lib/action_dispatch/middleware/show_exceptions.rb:30:in `call'
  railties (4.2.1) lib/rails/rack/logger.rb:38:in `call_app'
  railties (4.2.1) lib/rails/rack/logger.rb:20:in `block in call'
  activesupport (4.2.1) lib/active_support/tagged_logging.rb:68:in `block in tagged'
  activesupport (4.2.1) lib/active_support/tagged_logging.rb:26:in `tagged'
  activesupport (4.2.1) lib/active_support/tagged_logging.rb:68:in `tagged'
  railties (4.2.1) lib/rails/rack/logger.rb:20:in `call'
  actionpack (4.2.1) lib/action_dispatch/middleware/request_id.rb:21:in `call'
  rack (1.6.1) lib/rack/methodoverride.rb:22:in `call'
  rack (1.6.1) lib/rack/runtime.rb:18:in `call'
  activesupport (4.2.1) lib/active_support/cache/strategy/local_cache_middleware.rb:28:in `call'
  rack (1.6.1) lib/rack/lock.rb:17:in `call'
  actionpack (4.2.1) lib/action_dispatch/middleware/static.rb:113:in `call'
  rack (1.6.1) lib/rack/sendfile.rb:113:in `call'
  railties (4.2.1) lib/rails/engine.rb:518:in `call'
  railties (4.2.1) lib/rails/application.rb:164:in `call'
  rack (1.6.1) lib/rack/lock.rb:17:in `call'
  rack (1.6.1) lib/rack/content_length.rb:15:in `call'
  rack (1.6.1) lib/rack/handler/webrick.rb:89:in `service'
  /Users/galacticplastic/.rbenv/versions/2.3.1/lib/ruby/2.3.0/webrick/httpserver.rb:140:in `service'
  /Users/galacticplastic/.rbenv/versions/2.3.1/lib/ruby/2.3.0/webrick/httpserver.rb:96:in `run'
  /Users/galacticplastic/.rbenv/versions/2.3.1/lib/ruby/2.3.0/webrick/server.rb:296:in `block in start_thread'


  Rendered /Users/galacticplastic/.rbenv/versions/2.3.1/lib/ruby/gems/2.3.0/gems/actionpack-4.2.1/lib/action_dispatch/middleware/templates/rescues/_trace.html.erb (1.2ms)
  Rendered /Users/galacticplastic/.rbenv/versions/2.3.1/lib/ruby/gems/2.3.0/gems/actionpack-4.2.1/lib/action_dispatch/middleware/templates/routes/_route.html.erb (1.1ms)
  Rendered /Users/galacticplastic/.rbenv/versions/2.3.1/lib/ruby/gems/2.3.0/gems/actionpack-4.2.1/lib/action_dispatch/middleware/templates/routes/_table.html.erb (13.0ms)
  Rendered /Users/galacticplastic/.rbenv/versions/2.3.1/lib/ruby/gems/2.3.0/gems/actionpack-4.2.1/lib/action_dispatch/middleware/templates/rescues/_request_and_response.html.erb (1.2ms)
  Rendered /Users/galacticplastic/.rbenv/versions/2.3.1/lib/ruby/gems/2.3.0/gems/actionpack-4.2.1/lib/action_dispatch/middleware/templates/rescues/routing_error.html.erb within rescues/layout (71.5ms)
  Rendered /Users/galacticplastic/.rbenv/versions/2.3.1/lib/ruby/gems/2.3.0/gems/web-console-2.1.2/lib/web_console/templates/_markup.html.erb (1.1ms)
  Rendered /Users/galacticplastic/.rbenv/versions/2.3.1/lib/ruby/gems/2.3.0/gems/web-console-2.1.2/lib/web_console/templates/style.css.erb within layouts/inlined_string (0.5ms)
  Rendered /Users/galacticplastic/.rbenv/versions/2.3.1/lib/ruby/gems/2.3.0/gems/web-console-2.1.2/lib/web_console/templates/_inner_console_markup.html.erb within layouts/inlined_string (0.4ms)
  Rendered /Users/galacticplastic/.rbenv/versions/2.3.1/lib/ruby/gems/2.3.0/gems/web-console-2.1.2/lib/web_console/templates/_prompt_box_markup.html.erb within layouts/inlined_string (0.5ms)
  Rendered /Users/galacticplastic/.rbenv/versions/2.3.1/lib/ruby/gems/2.3.0/gems/web-console-2.1.2/lib/web_console/templates/console.js.erb within layouts/javascript (40.0ms)
  Rendered /Users/galacticplastic/.rbenv/versions/2.3.1/lib/ruby/gems/2.3.0/gems/web-console-2.1.2/lib/web_console/templates/main.js.erb within layouts/javascript (0.5ms)
  Rendered /Users/galacticplastic/.rbenv/versions/2.3.1/lib/ruby/gems/2.3.0/gems/web-console-2.1.2/lib/web_console/templates/error_page.js.erb within layouts/javascript (0.5ms)
  Rendered /Users/galacticplastic/.rbenv/versions/2.3.1/lib/ruby/gems/2.3.0/gems/web-console-2.1.2/lib/web_console/templates/index.html.erb (92.1ms)


Started GET "/" for ::1 at 2016-11-22 11:51:01 -0500
Processing by UsersController#home as HTML
  Rendered users/home.html.erb within layouts/application (0.7ms)
Completed 200 OK in 34ms (Views: 33.2ms | ActiveRecord: 0.0ms)


Started GET "/login" for ::1 at 2016-11-22 11:51:31 -0500
Processing by SessionsController#new as HTML
  Rendered sessions/new.html.erb within layouts/application (0.4ms)
Completed 200 OK in 27ms (Views: 26.2ms | ActiveRecord: 0.0ms)


Started GET "/login" for ::1 at 2016-11-22 11:51:31 -0500
Processing by SessionsController#new as HTML
  Rendered sessions/new.html.erb within layouts/application (0.3ms)
Completed 200 OK in 28ms (Views: 27.3ms | ActiveRecord: 0.0ms)


Started POST "/login" for ::1 at 2016-11-22 11:51:42 -0500

AbstractController::ActionNotFound (The action 'create' could not be found for SessionsController):
  actionpack (4.2.1) lib/abstract_controller/base.rb:132:in `process'
  actionview (4.2.1) lib/action_view/rendering.rb:30:in `process'
  actionpack (4.2.1) lib/action_controller/metal.rb:196:in `dispatch'
  actionpack (4.2.1) lib/action_controller/metal/rack_delegation.rb:13:in `dispatch'
  actionpack (4.2.1) lib/action_controller/metal.rb:237:in `block in action'
  actionpack (4.2.1) lib/action_dispatch/routing/route_set.rb:74:in `dispatch'
  actionpack (4.2.1) lib/action_dispatch/routing/route_set.rb:43:in `serve'
  actionpack (4.2.1) lib/action_dispatch/journey/router.rb:43:in `block in serve'
  actionpack (4.2.1) lib/action_dispatch/journey/router.rb:30:in `each'
  actionpack (4.2.1) lib/action_dispatch/journey/router.rb:30:in `serve'
  actionpack (4.2.1) lib/action_dispatch/routing/route_set.rb:819:in `call'
  rack (1.6.1) lib/rack/etag.rb:24:in `call'
  rack (1.6.1) lib/rack/conditionalget.rb:38:in `call'
  rack (1.6.1) lib/rack/head.rb:13:in `call'
  actionpack (4.2.1) lib/action_dispatch/middleware/params_parser.rb:27:in `call'
  actionpack (4.2.1) lib/action_dispatch/middleware/flash.rb:260:in `call'
  rack (1.6.1) lib/rack/session/abstract/id.rb:225:in `context'
  rack (1.6.1) lib/rack/session/abstract/id.rb:220:in `call'
  actionpack (4.2.1) lib/action_dispatch/middleware/cookies.rb:560:in `call'
  activerecord (4.2.1) lib/active_record/query_cache.rb:36:in `call'
  activerecord (4.2.1) lib/active_record/connection_adapters/abstract/connection_pool.rb:649:in `call'
  activerecord (4.2.1) lib/active_record/migration.rb:378:in `call'
  actionpack (4.2.1) lib/action_dispatch/middleware/callbacks.rb:29:in `block in call'
  activesupport (4.2.1) lib/active_support/callbacks.rb:88:in `_run_callbacks'
  activesupport (4.2.1) lib/active_support/callbacks.rb:776:in `_run_call_callbacks'
  activesupport (4.2.1) lib/active_support/callbacks.rb:81:in `run_callbacks'
  actionpack (4.2.1) lib/action_dispatch/middleware/callbacks.rb:27:in `call'
  actionpack (4.2.1) lib/action_dispatch/middleware/reloader.rb:73:in `call'
  actionpack (4.2.1) lib/action_dispatch/middleware/remote_ip.rb:78:in `call'
  actionpack (4.2.1) lib/action_dispatch/middleware/debug_exceptions.rb:17:in `call'
  web-console (2.1.2) lib/web_console/middleware.rb:37:in `call'
  actionpack (4.2.1) lib/action_dispatch/middleware/show_exceptions.rb:30:in `call'
  railties (4.2.1) lib/rails/rack/logger.rb:38:in `call_app'
  railties (4.2.1) lib/rails/rack/logger.rb:20:in `block in call'
  activesupport (4.2.1) lib/active_support/tagged_logging.rb:68:in `block in tagged'
  activesupport (4.2.1) lib/active_support/tagged_logging.rb:26:in `tagged'
  activesupport (4.2.1) lib/active_support/tagged_logging.rb:68:in `tagged'
  railties (4.2.1) lib/rails/rack/logger.rb:20:in `call'
  actionpack (4.2.1) lib/action_dispatch/middleware/request_id.rb:21:in `call'
  rack (1.6.1) lib/rack/methodoverride.rb:22:in `call'
  rack (1.6.1) lib/rack/runtime.rb:18:in `call'
  activesupport (4.2.1) lib/active_support/cache/strategy/local_cache_middleware.rb:28:in `call'
  rack (1.6.1) lib/rack/lock.rb:17:in `call'
  actionpack (4.2.1) lib/action_dispatch/middleware/static.rb:113:in `call'
  rack (1.6.1) lib/rack/sendfile.rb:113:in `call'
  railties (4.2.1) lib/rails/engine.rb:518:in `call'
  railties (4.2.1) lib/rails/application.rb:164:in `call'
  rack (1.6.1) lib/rack/lock.rb:17:in `call'
  rack (1.6.1) lib/rack/content_length.rb:15:in `call'
  rack (1.6.1) lib/rack/handler/webrick.rb:89:in `service'
  /Users/galacticplastic/.rbenv/versions/2.3.1/lib/ruby/2.3.0/webrick/httpserver.rb:140:in `service'
  /Users/galacticplastic/.rbenv/versions/2.3.1/lib/ruby/2.3.0/webrick/httpserver.rb:96:in `run'
  /Users/galacticplastic/.rbenv/versions/2.3.1/lib/ruby/2.3.0/webrick/server.rb:296:in `block in start_thread'


  Rendered /Users/galacticplastic/.rbenv/versions/2.3.1/lib/ruby/gems/2.3.0/gems/actionpack-4.2.1/lib/action_dispatch/middleware/templates/rescues/unknown_action.html.erb within rescues/layout (0.4ms)
  Rendered /Users/galacticplastic/.rbenv/versions/2.3.1/lib/ruby/gems/2.3.0/gems/web-console-2.1.2/lib/web_console/templates/_markup.html.erb (0.4ms)
  Rendered /Users/galacticplastic/.rbenv/versions/2.3.1/lib/ruby/gems/2.3.0/gems/web-console-2.1.2/lib/web_console/templates/style.css.erb within layouts/inlined_string (0.3ms)
  Rendered /Users/galacticplastic/.rbenv/versions/2.3.1/lib/ruby/gems/2.3.0/gems/web-console-2.1.2/lib/web_console/templates/_inner_console_markup.html.erb within layouts/inlined_string (0.2ms)
  Rendered /Users/galacticplastic/.rbenv/versions/2.3.1/lib/ruby/gems/2.3.0/gems/web-console-2.1.2/lib/web_console/templates/_prompt_box_markup.html.erb within layouts/inlined_string (0.2ms)
  Rendered /Users/galacticplastic/.rbenv/versions/2.3.1/lib/ruby/gems/2.3.0/gems/web-console-2.1.2/lib/web_console/templates/console.js.erb within layouts/javascript (37.3ms)
  Rendered /Users/galacticplastic/.rbenv/versions/2.3.1/lib/ruby/gems/2.3.0/gems/web-console-2.1.2/lib/web_console/templates/main.js.erb within layouts/javascript (0.3ms)
  Rendered /Users/galacticplastic/.rbenv/versions/2.3.1/lib/ruby/gems/2.3.0/gems/web-console-2.1.2/lib/web_console/templates/error_page.js.erb within layouts/javascript (0.5ms)
  Rendered /Users/galacticplastic/.rbenv/versions/2.3.1/lib/ruby/gems/2.3.0/gems/web-console-2.1.2/lib/web_console/templates/index.html.erb (84.4ms)


Started GET "/" for ::1 at 2016-11-22 12:00:37 -0500
Processing by UsersController#home as HTML
  Rendered users/home.html.erb within layouts/application (0.5ms)
Completed 200 OK in 27ms (Views: 26.3ms | ActiveRecord: 0.0ms)


Started GET "/login" for ::1 at 2016-11-22 12:00:40 -0500
Processing by SessionsController#new as HTML
  Rendered sessions/new.html.erb within layouts/application (0.3ms)
Completed 200 OK in 34ms (Views: 33.6ms | ActiveRecord: 0.0ms)


Started POST "/login" for ::1 at 2016-11-22 12:00:55 -0500
Processing by SessionsController#create as HTML
  Parameters: {"utf8"=>"✓", "authenticity_token"=>"6tEB5zSrVM4nY2cY3qUPrN2VGUG4nc5wkIohpjhFIw0EPswV1wTU4w3rh2uW7KtFdzEq/a4WgOkxRXMdocD4FQ==", "email"=>"suckit@mailinator.com", "password"=>"[FILTERED]", "button"=>""}
Completed 500 Internal Server Error in 3ms (ActiveRecord: 0.0ms)

ActionView::MissingTemplate (Missing template sessions/create, application/create with {:locale=>[:en], :formats=>[:html], :variants=>[], :handlers=>[:erb, :builder, :raw, :ruby, :jbuilder]}. Searched in:
  * "/Users/galacticplastic/Desktop/Ironhack/Week6/Lesson_AuthenticationAuthorization/app/views"
):
  app/controllers/sessions_controller.rb:6:in `create'


  Rendered /Users/galacticplastic/.rbenv/versions/2.3.1/lib/ruby/gems/2.3.0/gems/actionpack-4.2.1/lib/action_dispatch/middleware/templates/rescues/_source.erb (4.4ms)
  Rendered /Users/galacticplastic/.rbenv/versions/2.3.1/lib/ruby/gems/2.3.0/gems/actionpack-4.2.1/lib/action_dispatch/middleware/templates/rescues/_trace.html.erb (1.9ms)
  Rendered /Users/galacticplastic/.rbenv/versions/2.3.1/lib/ruby/gems/2.3.0/gems/actionpack-4.2.1/lib/action_dispatch/middleware/templates/rescues/_request_and_response.html.erb (0.8ms)
  Rendered /Users/galacticplastic/.rbenv/versions/2.3.1/lib/ruby/gems/2.3.0/gems/actionpack-4.2.1/lib/action_dispatch/middleware/templates/rescues/missing_template.html.erb within rescues/layout (42.2ms)
  Rendered /Users/galacticplastic/.rbenv/versions/2.3.1/lib/ruby/gems/2.3.0/gems/web-console-2.1.2/lib/web_console/templates/_markup.html.erb (0.3ms)
  Rendered /Users/galacticplastic/.rbenv/versions/2.3.1/lib/ruby/gems/2.3.0/gems/web-console-2.1.2/lib/web_console/templates/style.css.erb within layouts/inlined_string (0.3ms)
  Rendered /Users/galacticplastic/.rbenv/versions/2.3.1/lib/ruby/gems/2.3.0/gems/web-console-2.1.2/lib/web_console/templates/_inner_console_markup.html.erb within layouts/inlined_string (0.2ms)
  Rendered /Users/galacticplastic/.rbenv/versions/2.3.1/lib/ruby/gems/2.3.0/gems/web-console-2.1.2/lib/web_console/templates/_prompt_box_markup.html.erb within layouts/inlined_string (0.2ms)
  Rendered /Users/galacticplastic/.rbenv/versions/2.3.1/lib/ruby/gems/2.3.0/gems/web-console-2.1.2/lib/web_console/templates/console.js.erb within layouts/javascript (34.5ms)
  Rendered /Users/galacticplastic/.rbenv/versions/2.3.1/lib/ruby/gems/2.3.0/gems/web-console-2.1.2/lib/web_console/templates/main.js.erb within layouts/javascript (0.2ms)
  Rendered /Users/galacticplastic/.rbenv/versions/2.3.1/lib/ruby/gems/2.3.0/gems/web-console-2.1.2/lib/web_console/templates/error_page.js.erb within layouts/javascript (0.4ms)
  Rendered /Users/galacticplastic/.rbenv/versions/2.3.1/lib/ruby/gems/2.3.0/gems/web-console-2.1.2/lib/web_console/templates/index.html.erb (78.1ms)


Started GET "/login" for ::1 at 2016-11-22 12:01:29 -0500
Processing by SessionsController#new as HTML
  Rendered sessions/new.html.erb within layouts/application (0.7ms)
Completed 200 OK in 27ms (Views: 26.5ms | ActiveRecord: 0.0ms)


Started POST "/login" for ::1 at 2016-11-22 12:01:40 -0500
Processing by SessionsController#create as HTML
  Parameters: {"utf8"=>"✓", "authenticity_token"=>"wOPHN/CCmxBKzQdlN8NyCYj0rN78HamfuRnEVLXZtPYuDArFEy0bPWBF5xZ/itbgIlCfYuqW5wYY1pbvLFxv7g==", "email"=>"suckit@mailinator.com", "password"=>"[FILTERED]", "button"=>""}
  [1m[35mUser Load (0.2ms)[0m  SELECT  "users".* FROM "users" WHERE "users"."email" = ? LIMIT 1  [["email", "suckit@mailinator.com"]]
Redirected to http://localhost:3000/
Completed 302 Found in 81ms (ActiveRecord: 0.5ms)


Started GET "/" for ::1 at 2016-11-22 12:01:40 -0500
Processing by UsersController#home as HTML
  Rendered users/home.html.erb within layouts/application (0.1ms)
Completed 200 OK in 24ms (Views: 23.6ms | ActiveRecord: 0.0ms)
